{
  "RSpec": {
    "coverage": {
      "/home/manoli25/tic-tac-toe-rb-v-000/lib/tic_tac_toe.rb": [
        1,
        null,
        null,
        1,
        null,
        null,
        null,
        null,
        null,
        null,
        null,
        null,
        null,
        1,
        7,
        7,
        7,
        7,
        7,
        null,
        null,
        1,
        27952,
        27952,
        null,
        null,
        1,
        7,
        null,
        null,
        1,
        17,
        null,
        null,
        1,
        null,
        27952,
        7,
        7,
        null,
        null,
        null,
        null,
        1,
        27955,
        27952,
        27952,
        27945,
        null,
        7,
        7,
        null,
        null,
        1,
        0,
        0,
        null,
        0,
        null,
        null,
        1,
        0,
        0,
        null,
        0,
        null,
        null,
        null,
        1,
        2,
        16,
        null,
        null,
        null,
        null,
        null,
        1,
        15,
        null,
        null,
        1,
        2,
        null,
        null,
        1,
        3,
        null,
        null,
        1,
        0,
        0,
        null,
        null,
        null,
        1,
        12,
        7,
        0,
        null,
        null,
        null
      ]
    },
    "timestamp": 1566387009
  }
}
