{
  "RSpec": {
    "coverage": {
      "/home/manoli25/tic-tac-toe-rb-v-000/lib/tic_tac_toe.rb": [
        1,
        null,
        null,
        1,
        null,
        null,
        null,
        null,
        null,
        null,
        null,
        null,
        null,
        1,
        7,
        7,
        7,
        7,
        7,
        null,
        null,
        1,
        7,
        7,
        null,
        null,
        1,
        7,
        null,
        null,
        1,
        33,
        null,
        null,
        1,
        null,
        7,
        7,
        7,
        null,
        null,
        null,
        null,
        1,
        7,
        7,
        7,
        0,
        null,
        7,
        7,
        null,
        null,
        1,
        0,
        0,
        null,
        0,
        null,
        null,
        1,
        0,
        0,
        null,
        0,
        null,
        null,
        null,
        1,
        10,
        42,
        null,
        null,
        null,
        null,
        null,
        1,
        42,
        null,
        null,
        1,
        2,
        null,
        null,
        1,
        8,
        null,
        null,
        1,
        5,
        3,
        null,
        null,
        null,
        1,
        12,
        7,
        null,
        5,
        null,
        null,
        null
      ]
    },
    "timestamp": 1566387214
  }
}
